<?xml version="1.0"?>
<config>
  <junit>
    <!--
      Logging:
       1. trace (the least serious)
       2. debug
       3. info
       4. warn
       5. error
       6. fatal (the most serious)
    -->
    <debugLevel>4</debugLevel>
  </junit>
</config>